<?xml version="1.0" encoding="UTF-8"?>
<!-- Generated by org.testng.reporters.JUnitXMLReporter -->
<testsuite hostname="Ashish-PC" ignored="0" name="Default test" tests="11" failures="0" timestamp="15 Sep 2019 12:34:36 GMT" time="333.417" errors="0">
  <testcase name="verifycompanytest" time="5.799" classname="com.freecrm.qa.test.Companytest"/>
  <testcase name="verifycompanytest" time="4.584" classname="com.freecrm.qa.test.Companytest"/>
  <testcase name="verifycompanytest" time="4.426" classname="com.freecrm.qa.test.Companytest"/>
  <testcase name="verifycompanytest" time="4.182" classname="com.freecrm.qa.test.Companytest"/>
  <testcase name="verifycompanytest" time="4.307" classname="com.freecrm.qa.test.Companytest"/>
  <testcase name="verifycompanytest" time="4.531" classname="com.freecrm.qa.test.Companytest"/>
  <testcase name="verifycompanytest" time="4.641" classname="com.freecrm.qa.test.Companytest"/>
  <testcase name="verifycompanytest" time="3.332" classname="com.freecrm.qa.test.Companytest"/>
  <testcase name="verifycompanytest" time="4.288" classname="com.freecrm.qa.test.Companytest"/>
  <testcase name="verifycompanytest" time="5.547" classname="com.freecrm.qa.test.Companytest"/>
  <testcase name="verifycompanytest" time="4.769" classname="com.freecrm.qa.test.Companytest"/>
</testsuite> <!-- Default test -->
